Analysis & Synthesis report for SequenceDetector
Fri May 09 12:32:03 2025
Quartus II Version 9.1 Build 350 03/24/2010 Service Pack 2 SJ Web Edition


---------------------
; Table of Contents ;
---------------------
  1. Legal Notice
  2. Analysis & Synthesis Summary
  3. Analysis & Synthesis Settings
  4. Parallel Compilation
  5. Analysis & Synthesis Source Files Read
  6. Analysis & Synthesis Resource Usage Summary
  7. Analysis & Synthesis Resource Utilization by Entity
  8. General Register Statistics
  9. Analysis & Synthesis Messages



----------------
; Legal Notice ;
----------------
Copyright (C) 1991-2010 Altera Corporation
Your use of Altera Corporation's design tools, logic functions 
and other software and tools, and its AMPP partner logic 
functions, and any output files from any of the foregoing 
(including device programming or simulation files), and any 
associated documentation or information are expressly subject 
to the terms and conditions of the Altera Program License 
Subscription Agreement, Altera MegaCore Function License 
Agreement, or other applicable license agreement, including, 
without limitation, that your use is for the sole purpose of 
programming logic devices manufactured by Altera and sold by 
Altera or its authorized distributors.  Please refer to the 
applicable agreement for further details.



+----------------------------------------------------------------------------+
; Analysis & Synthesis Summary                                               ;
+-----------------------------+----------------------------------------------+
; Analysis & Synthesis Status ; Successful - Fri May 09 12:32:03 2025        ;
; Quartus II Version          ; 9.1 Build 350 03/24/2010 SP 2 SJ Web Edition ;
; Revision Name               ; SequenceDetector                             ;
; Top-level Entity Name       ; SequenceDetector                             ;
; Family                      ; Cyclone                                      ;
; Total logic elements        ; 26                                           ;
; Total pins                  ; 16                                           ;
; Total virtual pins          ; 0                                            ;
; Total memory bits           ; 0                                            ;
; Total PLLs                  ; 0                                            ;
+-----------------------------+----------------------------------------------+


+----------------------------------------------------------------------------------------------------------------------+
; Analysis & Synthesis Settings                                                                                        ;
+----------------------------------------------------------------------------+--------------------+--------------------+
; Option                                                                     ; Setting            ; Default Value      ;
+----------------------------------------------------------------------------+--------------------+--------------------+
; Top-level entity name                                                      ; SequenceDetector   ; SequenceDetector   ;
; Family name                                                                ; Cyclone            ; Stratix II         ;
; Use Generated Physical Constraints File                                    ; Off                ;                    ;
; Use smart compilation                                                      ; Off                ; Off                ;
; Enable parallel Assembler and TimeQuest Timing Analyzer during compilation ; On                 ; On                 ;
; Enable compact report table                                                ; Off                ; Off                ;
; Restructure Multiplexers                                                   ; Auto               ; Auto               ;
; Create Debugging Nodes for IP Cores                                        ; Off                ; Off                ;
; Preserve fewer node names                                                  ; On                 ; On                 ;
; Disable OpenCore Plus hardware evaluation                                  ; Off                ; Off                ;
; Verilog Version                                                            ; Verilog_2001       ; Verilog_2001       ;
; VHDL Version                                                               ; VHDL_1993          ; VHDL_1993          ;
; State Machine Processing                                                   ; Auto               ; Auto               ;
; Safe State Machine                                                         ; Off                ; Off                ;
; Extract Verilog State Machines                                             ; On                 ; On                 ;
; Extract VHDL State Machines                                                ; On                 ; On                 ;
; Ignore Verilog initial constructs                                          ; Off                ; Off                ;
; Iteration limit for constant Verilog loops                                 ; 5000               ; 5000               ;
; Iteration limit for non-constant Verilog loops                             ; 250                ; 250                ;
; Add Pass-Through Logic to Inferred RAMs                                    ; On                 ; On                 ;
; Parallel Synthesis                                                         ; On                 ; On                 ;
; NOT Gate Push-Back                                                         ; On                 ; On                 ;
; Power-Up Don't Care                                                        ; On                 ; On                 ;
; Remove Redundant Logic Cells                                               ; Off                ; Off                ;
; Remove Duplicate Registers                                                 ; On                 ; On                 ;
; Ignore CARRY Buffers                                                       ; Off                ; Off                ;
; Ignore CASCADE Buffers                                                     ; Off                ; Off                ;
; Ignore GLOBAL Buffers                                                      ; Off                ; Off                ;
; Ignore ROW GLOBAL Buffers                                                  ; Off                ; Off                ;
; Ignore LCELL Buffers                                                       ; Off                ; Off                ;
; Ignore SOFT Buffers                                                        ; On                 ; On                 ;
; Limit AHDL Integers to 32 Bits                                             ; Off                ; Off                ;
; Optimization Technique                                                     ; Balanced           ; Balanced           ;
; Carry Chain Length                                                         ; 70                 ; 70                 ;
; Auto Carry Chains                                                          ; On                 ; On                 ;
; Auto Open-Drain Pins                                                       ; On                 ; On                 ;
; Perform WYSIWYG Primitive Resynthesis                                      ; Off                ; Off                ;
; Auto ROM Replacement                                                       ; On                 ; On                 ;
; Auto RAM Replacement                                                       ; On                 ; On                 ;
; Auto Shift Register Replacement                                            ; Auto               ; Auto               ;
; Auto Clock Enable Replacement                                              ; On                 ; On                 ;
; Strict RAM Replacement                                                     ; Off                ; Off                ;
; Allow Synchronous Control Signals                                          ; On                 ; On                 ;
; Force Use of Synchronous Clear Signals                                     ; Off                ; Off                ;
; Auto RAM Block Balancing                                                   ; On                 ; On                 ;
; Auto RAM to Logic Cell Conversion                                          ; Off                ; Off                ;
; Auto Resource Sharing                                                      ; Off                ; Off                ;
; Allow Any RAM Size For Recognition                                         ; Off                ; Off                ;
; Allow Any ROM Size For Recognition                                         ; Off                ; Off                ;
; Allow Any Shift Register Size For Recognition                              ; Off                ; Off                ;
; Use LogicLock Constraints during Resource Balancing                        ; On                 ; On                 ;
; Ignore translate_off and synthesis_off directives                          ; Off                ; Off                ;
; Show Parameter Settings Tables in Synthesis Report                         ; On                 ; On                 ;
; Ignore Maximum Fan-Out Assignments                                         ; Off                ; Off                ;
; Synchronization Register Chain Length                                      ; 2                  ; 2                  ;
; PowerPlay Power Optimization                                               ; Normal compilation ; Normal compilation ;
; HDL message level                                                          ; Level2             ; Level2             ;
; Suppress Register Optimization Related Messages                            ; Off                ; Off                ;
; Number of Removed Registers Reported in Synthesis Report                   ; 5000               ; 5000               ;
; Number of Inverted Registers Reported in Synthesis Report                  ; 100                ; 100                ;
; Clock MUX Protection                                                       ; On                 ; On                 ;
; Block Design Naming                                                        ; Auto               ; Auto               ;
; Synthesis Effort                                                           ; Auto               ; Auto               ;
; Shift Register Replacement - Allow Asynchronous Clear Signal               ; On                 ; On                 ;
; Analysis & Synthesis Message Level                                         ; Medium             ; Medium             ;
; Disable Register Merging Across Hierarchies                                ; Auto               ; Auto               ;
; Resource Aware Inference For Block RAM                                     ; On                 ; On                 ;
+----------------------------------------------------------------------------+--------------------+--------------------+


Parallel compilation was disabled, but you have multiple processors available. Enable parallel compilation to reduce compilation time.
+-------------------------------------+
; Parallel Compilation                ;
+----------------------------+--------+
; Processors                 ; Number ;
+----------------------------+--------+
; Number detected on machine ; 8      ;
; Maximum allowed            ; 1      ;
+----------------------------+--------+


+-------------------------------------------------------------------------------------------------------------------------------------------------------------------------+
; Analysis & Synthesis Source Files Read                                                                                                                                  ;
+----------------------------------+-----------------+------------------------------------+-------------------------------------------------------------------------------+
; File Name with User-Entered Path ; Used in Netlist ; File Type                          ; File Name with Absolute Path                                                  ;
+----------------------------------+-----------------+------------------------------------+-------------------------------------------------------------------------------+
; SequenceDetector.bdf             ; yes             ; User Block Diagram/Schematic File  ; C:/altera/91sp2/quartus/Project Quartus/SequenceDetector/SequenceDetector.bdf ;
; Treset.bdf                       ; yes             ; User Block Diagram/Schematic File  ; C:/altera/91sp2/quartus/Project Quartus/SequenceDetector/Treset.bdf           ;
; Flags.bdf                        ; yes             ; User Block Diagram/Schematic File  ; C:/altera/91sp2/quartus/Project Quartus/SequenceDetector/Flags.bdf            ;
; Decoder.bdf                      ; yes             ; User Block Diagram/Schematic File  ; C:/altera/91sp2/quartus/Project Quartus/SequenceDetector/Decoder.bdf          ;
; A.bdf                            ; yes             ; User Block Diagram/Schematic File  ; C:/altera/91sp2/quartus/Project Quartus/SequenceDetector/A.bdf                ;
; B.bdf                            ; yes             ; User Block Diagram/Schematic File  ; C:/altera/91sp2/quartus/Project Quartus/SequenceDetector/B.bdf                ;
; C.bdf                            ; yes             ; User Block Diagram/Schematic File  ; C:/altera/91sp2/quartus/Project Quartus/SequenceDetector/C.bdf                ;
; Led1.bdf                         ; yes             ; User Block Diagram/Schematic File  ; C:/altera/91sp2/quartus/Project Quartus/SequenceDetector/Led1.bdf             ;
; Led2.bdf                         ; yes             ; User Block Diagram/Schematic File  ; C:/altera/91sp2/quartus/Project Quartus/SequenceDetector/Led2.bdf             ;
; Led3.bdf                         ; yes             ; User Block Diagram/Schematic File  ; C:/altera/91sp2/quartus/Project Quartus/SequenceDetector/Led3.bdf             ;
; Led4.bdf                         ; yes             ; User Block Diagram/Schematic File  ; C:/altera/91sp2/quartus/Project Quartus/SequenceDetector/Led4.bdf             ;
; 7segment.bdf                     ; yes             ; User Block Diagram/Schematic File  ; C:/altera/91sp2/quartus/Project Quartus/SequenceDetector/7segment.bdf         ;
; 74138.bdf                        ; yes             ; Megafunction                       ; c:/altera/91sp2/quartus/libraries/others/maxplus2/74138.bdf                   ;
; 7474.bdf                         ; yes             ; Megafunction                       ; c:/altera/91sp2/quartus/libraries/others/maxplus2/7474.bdf                    ;
+----------------------------------+-----------------+------------------------------------+-------------------------------------------------------------------------------+


+--------------------------------------------------------+
; Analysis & Synthesis Resource Usage Summary            ;
+---------------------------------------------+----------+
; Resource                                    ; Usage    ;
+---------------------------------------------+----------+
; Total logic elements                        ; 26       ;
;     -- Combinational with no register       ; 19       ;
;     -- Register only                        ; 0        ;
;     -- Combinational with a register        ; 7        ;
;                                             ;          ;
; Logic element usage by number of LUT inputs ;          ;
;     -- 4 input functions                    ; 19       ;
;     -- 3 input functions                    ; 5        ;
;     -- 2 input functions                    ; 2        ;
;     -- 1 input functions                    ; 0        ;
;     -- 0 input functions                    ; 0        ;
;                                             ;          ;
; Logic elements by mode                      ;          ;
;     -- normal mode                          ; 26       ;
;     -- arithmetic mode                      ; 0        ;
;     -- qfbk mode                            ; 0        ;
;     -- register cascade mode                ; 0        ;
;     -- synchronous clear/load mode          ; 0        ;
;     -- asynchronous clear/load mode         ; 0        ;
;                                             ;          ;
; Total registers                             ; 7        ;
; I/O pins                                    ; 16       ;
; Maximum fan-out node                        ; 7474:C|9 ;
; Maximum fan-out                             ; 14       ;
; Total fan-out                               ; 112      ;
; Average fan-out                             ; 2.67     ;
+---------------------------------------------+----------+


+--------------------------------------------------------------------------------------------------------------------------------------------------------------------------------------------------------------------------------------------+
; Analysis & Synthesis Resource Utilization by Entity                                                                                                                                                                                        ;
+----------------------------+-------------+--------------+-------------+------+--------------+--------------+-------------------+------------------+-----------------+------------+------------------------------------------+--------------+
; Compilation Hierarchy Node ; Logic Cells ; LC Registers ; Memory Bits ; Pins ; Virtual Pins ; LUT-Only LCs ; Register-Only LCs ; LUT/Register LCs ; Carry Chain LCs ; Packed LCs ; Full Hierarchy Name                      ; Library Name ;
+----------------------------+-------------+--------------+-------------+------+--------------+--------------+-------------------+------------------+-----------------+------------+------------------------------------------+--------------+
; |SequenceDetector          ; 26 (0)      ; 7            ; 0           ; 16   ; 0            ; 19 (0)       ; 0 (0)             ; 7 (0)            ; 0 (0)           ; 0 (0)      ; |SequenceDetector                        ; work         ;
;    |7474:AB|               ; 2 (2)       ; 2            ; 0           ; 0    ; 0            ; 0 (0)        ; 0 (0)             ; 2 (2)            ; 0 (0)           ; 0 (0)      ; |SequenceDetector|7474:AB                ; work         ;
;    |7474:C|                ; 1 (1)       ; 1            ; 0           ; 0    ; 0            ; 0 (0)        ; 0 (0)             ; 1 (1)            ; 0 (0)           ; 0 (0)      ; |SequenceDetector|7474:C                 ; work         ;
;    |7segment:inst18|       ; 2 (2)       ; 0            ; 0           ; 0    ; 0            ; 2 (2)        ; 0 (0)             ; 0 (0)            ; 0 (0)           ; 0 (0)      ; |SequenceDetector|7segment:inst18        ; work         ;
;    |A:inst28|              ; 1 (1)       ; 0            ; 0           ; 0    ; 0            ; 1 (1)        ; 0 (0)             ; 0 (0)            ; 0 (0)           ; 0 (0)      ; |SequenceDetector|A:inst28               ; work         ;
;    |B:inst29|              ; 2 (2)       ; 0            ; 0           ; 0    ; 0            ; 2 (2)        ; 0 (0)             ; 0 (0)            ; 0 (0)           ; 0 (0)      ; |SequenceDetector|B:inst29               ; work         ;
;    |C:inst30|              ; 1 (1)       ; 0            ; 0           ; 0    ; 0            ; 1 (1)        ; 0 (0)             ; 0 (0)            ; 0 (0)           ; 0 (0)      ; |SequenceDetector|C:inst30               ; work         ;
;    |Flags:inst16|          ; 3 (1)       ; 2            ; 0           ; 0    ; 0            ; 1 (1)        ; 0 (0)             ; 2 (0)            ; 0 (0)           ; 0 (0)      ; |SequenceDetector|Flags:inst16           ; work         ;
;       |7474:inst|          ; 2 (2)       ; 2            ; 0           ; 0    ; 0            ; 0 (0)        ; 0 (0)             ; 2 (2)            ; 0 (0)           ; 0 (0)      ; |SequenceDetector|Flags:inst16|7474:inst ; work         ;
;    |Led1:inst12|           ; 2 (2)       ; 0            ; 0           ; 0    ; 0            ; 2 (2)        ; 0 (0)             ; 0 (0)            ; 0 (0)           ; 0 (0)      ; |SequenceDetector|Led1:inst12            ;              ;
;    |Led2:inst13|           ; 3 (3)       ; 0            ; 0           ; 0    ; 0            ; 3 (3)        ; 0 (0)             ; 0 (0)            ; 0 (0)           ; 0 (0)      ; |SequenceDetector|Led2:inst13            ; work         ;
;    |Led3:inst14|           ; 2 (2)       ; 0            ; 0           ; 0    ; 0            ; 2 (2)        ; 0 (0)             ; 0 (0)            ; 0 (0)           ; 0 (0)      ; |SequenceDetector|Led3:inst14            ; work         ;
;    |Led4:inst15|           ; 3 (3)       ; 0            ; 0           ; 0    ; 0            ; 3 (3)        ; 0 (0)             ; 0 (0)            ; 0 (0)           ; 0 (0)      ; |SequenceDetector|Led4:inst15            ; work         ;
;    |Treset:inst|           ; 4 (2)       ; 2            ; 0           ; 0    ; 0            ; 2 (2)        ; 0 (0)             ; 2 (0)            ; 0 (0)           ; 0 (0)      ; |SequenceDetector|Treset:inst            ; work         ;
;       |7474:inst|          ; 2 (2)       ; 2            ; 0           ; 0    ; 0            ; 0 (0)        ; 0 (0)             ; 2 (2)            ; 0 (0)           ; 0 (0)      ; |SequenceDetector|Treset:inst|7474:inst  ; work         ;
+----------------------------+-------------+--------------+-------------+------+--------------+--------------+-------------------+------------------+-----------------+------------+------------------------------------------+--------------+
Note: For table entries with two numbers listed, the numbers in parentheses indicate the number of resources of the given type used by the specific entity alone. The numbers listed outside of parentheses indicate the total resources of the given type used by the specific entity and all of its sub-entities in the hierarchy.


+------------------------------------------------------+
; General Register Statistics                          ;
+----------------------------------------------+-------+
; Statistic                                    ; Value ;
+----------------------------------------------+-------+
; Total registers                              ; 7     ;
; Number of registers using Synchronous Clear  ; 0     ;
; Number of registers using Synchronous Load   ; 0     ;
; Number of registers using Asynchronous Clear ; 0     ;
; Number of registers using Asynchronous Load  ; 0     ;
; Number of registers using Clock Enable       ; 0     ;
; Number of registers using Preset             ; 0     ;
+----------------------------------------------+-------+


+-------------------------------+
; Analysis & Synthesis Messages ;
+-------------------------------+
Info: *******************************************************************
Info: Running Quartus II Analysis & Synthesis
    Info: Version 9.1 Build 350 03/24/2010 Service Pack 2 SJ Web Edition
    Info: Processing started: Fri May 09 12:32:02 2025
Info: Command: quartus_map --read_settings_files=on --write_settings_files=off SequenceDetector -c SequenceDetector
Info: Found 1 design units, including 1 entities, in source file sequencedetector.bdf
    Info: Found entity 1: SequenceDetector
Warning: Can't analyze file -- file Boot.bdf is missing
Warning: Can't analyze file -- file Locked.bdf is missing
Info: Found 1 design units, including 1 entities, in source file treset.bdf
    Info: Found entity 1: Treset
Info: Found 1 design units, including 1 entities, in source file flags.bdf
    Info: Found entity 1: Flags
Info: Found 1 design units, including 1 entities, in source file decoder.bdf
    Info: Found entity 1: Decoder
Info: Found 1 design units, including 1 entities, in source file a.bdf
    Info: Found entity 1: A
Info: Found 1 design units, including 1 entities, in source file b.bdf
    Info: Found entity 1: B
Info: Found 1 design units, including 1 entities, in source file c.bdf
    Info: Found entity 1: C
Info: Found 1 design units, including 1 entities, in source file led1.bdf
    Info: Found entity 1: Led1
Info: Found 1 design units, including 1 entities, in source file led2.bdf
    Info: Found entity 1: Led2
Info: Found 1 design units, including 1 entities, in source file led3.bdf
    Info: Found entity 1: Led3
Info: Found 1 design units, including 1 entities, in source file led4.bdf
    Info: Found entity 1: Led4
Info: Found 1 design units, including 1 entities, in source file 7segment.bdf
    Info: Found entity 1: 7segment
Info: Elaborating entity "SequenceDetector" for the top level hierarchy
Warning: Primitive "NOT" of instance "SW1p" not used
Warning: Primitive "NOT" of instance "SW2p" not used
Warning: Primitive "NOT" of instance "SW3p" not used
Warning: Primitive "NOT" of instance "SW4p" not used
Info: Elaborating entity "Led1" for hierarchy "Led1:inst12"
Info: Elaborating entity "Decoder" for hierarchy "Decoder:inst26"
Info: Elaborating entity "74138" for hierarchy "Decoder:inst26|74138:inst"
Info: Elaborated megafunction instantiation "Decoder:inst26|74138:inst"
Info: Elaborating entity "7474" for hierarchy "7474:AB"
Info: Elaborated megafunction instantiation "7474:AB"
Info: Elaborating entity "B" for hierarchy "B:inst29"
Info: Elaborating entity "Flags" for hierarchy "Flags:inst16"
Info: Elaborating entity "Treset" for hierarchy "Treset:inst"
Warning: Primitive "NOT" of instance "SW1p" not used
Warning: Primitive "NOT" of instance "SW2p" not used
Warning: Primitive "NOT" of instance "SW3p" not used
Warning: Primitive "NOT" of instance "SW4p" not used
Info: Elaborating entity "A" for hierarchy "A:inst28"
Info: Elaborating entity "C" for hierarchy "C:inst30"
Info: Elaborating entity "Led2" for hierarchy "Led2:inst13"
Info: Elaborating entity "Led3" for hierarchy "Led3:inst14"
Info: Elaborating entity "Led4" for hierarchy "Led4:inst15"
Info: Elaborating entity "7segment" for hierarchy "7segment:inst18"
Warning: Output pins are stuck at VCC or GND
    Warning (13410): Pin "seg2" is stuck at VCC
Info: Implemented 42 device resources after synthesis - the final resource count might be different
    Info: Implemented 5 input pins
    Info: Implemented 11 output pins
    Info: Implemented 26 logic cells
Info: Quartus II Analysis & Synthesis was successful. 0 errors, 12 warnings
    Info: Peak virtual memory: 228 megabytes
    Info: Processing ended: Fri May 09 12:32:03 2025
    Info: Elapsed time: 00:00:01
    Info: Total CPU time (on all processors): 00:00:01


